<?xml version="1.0" encoding="UTF-8"?>
<testsuite name="com.kouretas.SicknessExtractorTests" tests="1" skipped="0" failures="0" errors="0" timestamp="2016-02-07T20:05:05" hostname="panos-laptop" time="0.18">
  <properties/>
  <testcase name="compareExtracted" classname="com.kouretas.SicknessExtractorTests" time="0.18"/>
  <system-out><![CDATA[]]></system-out>
  <system-err><![CDATA[]]></system-err>
</testsuite>
