<?xml version="1.0" encoding="UTF-8"?>
<testsuite name="com.kouretas.DigitalDoctorControllerTest" tests="1" skipped="0" failures="0" errors="0" timestamp="2016-02-06T18:03:52" hostname="panos-laptop" time="0.523">
  <properties/>
  <testcase name="getHello" classname="com.kouretas.DigitalDoctorControllerTest" time="0.523"/>
  <system-out><![CDATA[2016-02-06 20:03:51.949  INFO 25640 --- [    Test worker] o.s.t.c.support.AbstractContextLoader    : Could not detect default resource locations for test class [com.kouretas.DigitalDoctorControllerTest]: no resource found for suffixes {-context.xml, Context.groovy}.
2016-02-06 20:03:51.956  INFO 25640 --- [    Test worker] o.s.t.c.web.WebTestContextBootstrapper   : Loaded default TestExecutionListener class names from location [META-INF/spring.factories]: [org.springframework.test.context.web.ServletTestExecutionListener, org.springframework.test.context.support.DirtiesContextBeforeModesTestExecutionListener, org.springframework.test.context.support.DependencyInjectionTestExecutionListener, org.springframework.test.context.support.DirtiesContextTestExecutionListener, org.springframework.test.context.transaction.TransactionalTestExecutionListener, org.springframework.test.context.jdbc.SqlScriptsTestExecutionListener]
2016-02-06 20:03:51.960  INFO 25640 --- [    Test worker] o.s.t.c.web.WebTestContextBootstrapper   : Could not instantiate TestExecutionListener [org.springframework.test.context.jdbc.SqlScriptsTestExecutionListener]. Specify custom listener classes or make the default listener classes (and their required dependencies) available. Offending class: [org/springframework/transaction/interceptor/TransactionAttribute]
2016-02-06 20:03:51.962  INFO 25640 --- [    Test worker] o.s.t.c.web.WebTestContextBootstrapper   : Could not instantiate TestExecutionListener [org.springframework.test.context.transaction.TransactionalTestExecutionListener]. Specify custom listener classes or make the default listener classes (and their required dependencies) available. Offending class: [org/springframework/transaction/interceptor/TransactionAttributeSource]
2016-02-06 20:03:51.962  INFO 25640 --- [    Test worker] o.s.t.c.web.WebTestContextBootstrapper   : Using TestExecutionListeners: [org.springframework.test.context.web.ServletTestExecutionListener@7b94fc93, org.springframework.test.context.support.DirtiesContextBeforeModesTestExecutionListener@592e1230, org.springframework.test.context.support.DependencyInjectionTestExecutionListener@77a582ef, org.springframework.test.context.support.DirtiesContextTestExecutionListener@7b57ee38]

  .   ____          _            __ _ _
 /\\ / ___'_ __ _ _(_)_ __  __ _ \ \ \ \
( ( )\___ | '_ | '_| | '_ \/ _` | \ \ \ \
 \\/  ___)| |_)| | | | | || (_| |  ) ) ) )
  '  |____| .__|_| |_|_| |_\__, | / / / /
 =========|_|==============|___/=/_/_/_/
 :: Spring Boot ::        (v1.3.2.RELEASE)

2016-02-06 20:03:52.139  INFO 25640 --- [    Test worker] c.kouretas.DigitalDoctorControllerTest   : Starting DigitalDoctorControllerTest on panos-laptop with PID 25640 (C:\Users\panos\workspace\sts\sickness-extractor\build\classes\test started by panos in C:\Users\panos\workspace\sts\sickness-extractor)
2016-02-06 20:03:52.139  INFO 25640 --- [    Test worker] c.kouretas.DigitalDoctorControllerTest   : No active profile set, falling back to default profiles: default
2016-02-06 20:03:52.149  INFO 25640 --- [    Test worker] o.s.w.c.s.GenericWebApplicationContext   : Refreshing org.springframework.web.context.support.GenericWebApplicationContext@6b308c06: startup date [Sat Feb 06 20:03:52 EET 2016]; root of context hierarchy
2016-02-06 20:03:52.214  INFO 25640 --- [    Test worker] c.kouretas.DigitalDoctorControllerTest   : Started DigitalDoctorControllerTest in 0.238 seconds (JVM running for 12.675)
2016-02-06 20:03:52.269  INFO 25640 --- [    Test worker] ilder$StaticRequestMappingHandlerMapping : Mapped "{[/doctor]}" onto public java.lang.String[] com.kouretas.DigitalDoctorController.index(java.lang.String)
2016-02-06 20:03:52.358  INFO 25640 --- [    Test worker] s.w.s.m.m.a.RequestMappingHandlerAdapter : Looking for @ControllerAdvice: org.springframework.test.web.servlet.setup.StubWebApplicationContext@15002489
2016-02-06 20:03:52.403  INFO 25640 --- [    Test worker] o.s.mock.web.MockServletContext          : Initializing Spring FrameworkServlet ''
2016-02-06 20:03:52.403  INFO 25640 --- [    Test worker] o.s.t.web.servlet.TestDispatcherServlet  : FrameworkServlet '': initialization started
2016-02-06 20:03:52.404  INFO 25640 --- [    Test worker] o.s.t.web.servlet.TestDispatcherServlet  : FrameworkServlet '': initialization completed in 1 ms
]]></system-out>
  <system-err><![CDATA[]]></system-err>
</testsuite>
