<?xml version="1.0" encoding="UTF-8"?>
<testsuite name="com.kouretas.DigitalDoctorControllerTest" tests="1" skipped="0" failures="0" errors="0" timestamp="2016-02-07T20:05:04" hostname="panos-laptop" time="0.455">
  <properties/>
  <testcase name="getHello" classname="com.kouretas.DigitalDoctorControllerTest" time="0.455"/>
  <system-out><![CDATA[2016-02-07 22:05:04.455  INFO 17568 --- [    Test worker] o.s.t.c.support.AbstractContextLoader    : Could not detect default resource locations for test class [com.kouretas.DigitalDoctorControllerTest]: no resource found for suffixes {-context.xml, Context.groovy}.
2016-02-07 22:05:04.464  INFO 17568 --- [    Test worker] o.s.t.c.web.WebTestContextBootstrapper   : Loaded default TestExecutionListener class names from location [META-INF/spring.factories]: [org.springframework.test.context.web.ServletTestExecutionListener, org.springframework.test.context.support.DirtiesContextBeforeModesTestExecutionListener, org.springframework.test.context.support.DependencyInjectionTestExecutionListener, org.springframework.test.context.support.DirtiesContextTestExecutionListener, org.springframework.test.context.transaction.TransactionalTestExecutionListener, org.springframework.test.context.jdbc.SqlScriptsTestExecutionListener]
2016-02-07 22:05:04.466  INFO 17568 --- [    Test worker] o.s.t.c.web.WebTestContextBootstrapper   : Could not instantiate TestExecutionListener [org.springframework.test.context.jdbc.SqlScriptsTestExecutionListener]. Specify custom listener classes or make the default listener classes (and their required dependencies) available. Offending class: [org/springframework/transaction/interceptor/TransactionAttribute]
2016-02-07 22:05:04.467  INFO 17568 --- [    Test worker] o.s.t.c.web.WebTestContextBootstrapper   : Could not instantiate TestExecutionListener [org.springframework.test.context.transaction.TransactionalTestExecutionListener]. Specify custom listener classes or make the default listener classes (and their required dependencies) available. Offending class: [org/springframework/transaction/interceptor/TransactionAttributeSource]
2016-02-07 22:05:04.468  INFO 17568 --- [    Test worker] o.s.t.c.web.WebTestContextBootstrapper   : Using TestExecutionListeners: [org.springframework.test.context.web.ServletTestExecutionListener@77ebe097, org.springframework.test.context.support.DirtiesContextBeforeModesTestExecutionListener@1df0e8a9, org.springframework.test.context.support.DependencyInjectionTestExecutionListener@7eb612cf, org.springframework.test.context.support.DirtiesContextTestExecutionListener@95169ec]

  .   ____          _            __ _ _
 /\\ / ___'_ __ _ _(_)_ __  __ _ \ \ \ \
( ( )\___ | '_ | '_| | '_ \/ _` | \ \ \ \
 \\/  ___)| |_)| | | | | || (_| |  ) ) ) )
  '  |____| .__|_| |_|_| |_\__, | / / / /
 =========|_|==============|___/=/_/_/_/
 :: Spring Boot ::        (v1.3.2.RELEASE)

2016-02-07 22:05:04.707  INFO 17568 --- [    Test worker] c.kouretas.DigitalDoctorControllerTest   : Starting DigitalDoctorControllerTest on panos-laptop with PID 17568 (C:\Users\panos\workspace\sts\sickness-extractor\build\classes\test started by panos in C:\Users\panos\workspace\sts\sickness-extractor)
2016-02-07 22:05:04.709  INFO 17568 --- [    Test worker] c.kouretas.DigitalDoctorControllerTest   : No active profile set, falling back to default profiles: default
2016-02-07 22:05:04.719  INFO 17568 --- [    Test worker] o.s.w.c.s.GenericWebApplicationContext   : Refreshing org.springframework.web.context.support.GenericWebApplicationContext@7efd3ce4: startup date [Sun Feb 07 22:05:04 EET 2016]; root of context hierarchy
2016-02-07 22:05:04.770  INFO 17568 --- [    Test worker] c.kouretas.DigitalDoctorControllerTest   : Started DigitalDoctorControllerTest in 0.253 seconds (JVM running for 8.419)
2016-02-07 22:05:04.800  INFO 17568 --- [    Test worker] ilder$StaticRequestMappingHandlerMapping : Mapped "{[/doctor]}" onto public java.lang.String[] com.kouretas.DigitalDoctorController.index(java.lang.String)
2016-02-07 22:05:04.838  INFO 17568 --- [    Test worker] s.w.s.m.m.a.RequestMappingHandlerAdapter : Looking for @ControllerAdvice: org.springframework.test.web.servlet.setup.StubWebApplicationContext@73446d29
2016-02-07 22:05:04.866  INFO 17568 --- [    Test worker] o.s.mock.web.MockServletContext          : Initializing Spring FrameworkServlet ''
2016-02-07 22:05:04.885  INFO 17568 --- [    Test worker] o.s.t.web.servlet.TestDispatcherServlet  : FrameworkServlet '': initialization started
2016-02-07 22:05:04.887  INFO 17568 --- [    Test worker] o.s.t.web.servlet.TestDispatcherServlet  : FrameworkServlet '': initialization completed in 1 ms
]]></system-out>
  <system-err><![CDATA[]]></system-err>
</testsuite>
